<?xml version="1.0" encoding="UTF-8"?>
<testng-results ignored="0" total="1" passed="1" failed="0" skipped="0">
  <reporter-output>
  </reporter-output>
  <suite started-at="2025-03-05T15:41:22 IST" name="Default suite" finished-at="2025-03-05T15:41:39 IST" duration-ms="16815">
    <groups>
    </groups>
    <test started-at="2025-03-05T15:41:22 IST" name="Default test" finished-at="2025-03-05T15:41:39 IST" duration-ms="16815">
      <class name="Excelutil.Test_LoginExcel">
        <test-method is-config="true" signature="setupDriver()[pri:0, instance:Excelutil.Test_LoginExcel@51399530]" started-at="2025-03-05T15:41:22 IST" name="setupDriver" finished-at="2025-03-05T15:41:27 IST" duration-ms="5147" status="PASS">
          <reporter-output>
          </reporter-output>
        </test-method> <!-- setupDriver -->
        <test-method signature="testLogin()[pri:0, instance:Excelutil.Test_LoginExcel@51399530]" started-at="2025-03-05T15:41:27 IST" name="testLogin" finished-at="2025-03-05T15:41:38 IST" duration-ms="10629" status="PASS">
          <reporter-output>
          </reporter-output>
        </test-method> <!-- testLogin -->
        <test-method is-config="true" signature="quitDriver()[pri:0, instance:Excelutil.Test_LoginExcel@51399530]" started-at="2025-03-05T15:41:38 IST" name="quitDriver" finished-at="2025-03-05T15:41:39 IST" duration-ms="985" status="PASS">
          <reporter-output>
          </reporter-output>
        </test-method> <!-- quitDriver -->
      </class> <!-- Excelutil.Test_LoginExcel -->
    </test> <!-- Default test -->
  </suite> <!-- Default suite -->
</testng-results>
